C51 COMPILER V9.60.0.0   DC_MOTOR                                                          08/10/2022 18:24:34 PAGE 1   


C51 COMPILER V9.60.0.0, COMPILATION OF MODULE DC_MOTOR
OBJECT MODULE PLACED IN .\Objects\DC_Motor.obj
COMPILER INVOKED BY: C:\Keil_v5\C51\BIN\C51.EXE DC_Motor.c OPTIMIZE(8,SPEED) BROWSE DEBUG OBJECTEXTEND PRINT(.\Listings\
                    -DC_Motor.lst) TABS(2) OBJECT(.\Objects\DC_Motor.obj)

line level    source

   1          #include<reg51.h>
   2          sbit sw1=P1^0;
   3          sbit sw2=P1^1;
   4          sbit in1=P2^0;
   5          sbit in2=P2^1;
   6          
   7          void main()
   8          {
   9   1        sw1=sw2=1;
  10   1        in1=in2=0;
  11   1        while(1)
  12   1        {
  13   2          if(sw1==0 && sw2==1)
  14   2          {
  15   3            in1=1;  //clockwise
  16   3            in2=0;
  17   3          }
  18   2          else if(sw1==1 && sw2==0)
  19   2          {
  20   3            in1=0;  //anti-clockwise
  21   3            in2=1;
  22   3          }
  23   2          else
  24   2          {
  25   3            in1=0;  
  26   3            in2=0;  //stop
  27   3          }
  28   2        }
  29   1      }


MODULE INFORMATION:   STATIC OVERLAYABLE
   CODE SIZE        =     38    ----
   CONSTANT SIZE    =   ----    ----
   XDATA SIZE       =   ----    ----
   PDATA SIZE       =   ----    ----
   DATA SIZE        =   ----    ----
   IDATA SIZE       =   ----    ----
   BIT SIZE         =   ----    ----
END OF MODULE INFORMATION.


C51 COMPILATION COMPLETE.  0 WARNING(S),  0 ERROR(S)
