C51 COMPILER V9.60.0.0   LED_INTERFACING                                                   08/10/2022 14:38:09 PAGE 1   


C51 COMPILER V9.60.0.0, COMPILATION OF MODULE LED_INTERFACING
OBJECT MODULE PLACED IN .\Objects\LED_Interfacing.obj
COMPILER INVOKED BY: C:\Keil_v5\C51\BIN\C51.EXE LED_Interfacing.c OPTIMIZE(8,SPEED) BROWSE DEBUG OBJECTEXTEND PRINT(.\Li
                    -stings\LED_Interfacing.lst) TABS(2) OBJECT(.\Objects\LED_Interfacing.obj)

line level    source

   1          #include<reg51.h>
   2          
   3          sbit LED = P2^0;
   4          sbit LED1 = P2^3;
   5          sbit LED2 = P2^6;
   6          
   7          void delay()
   8          {
   9   1        int i,j;
  10   1        for(i=0;i<10;i++)
  11   1        {
  12   2          for(j=0;j<10000;j++)
  13   2          {
  14   3          }
  15   2        }
  16   1      }
  17          void main()
  18          {
  19   1        while(1)
  20   1        {
  21   2          LED = 0;
  22   2          LED1 = 0;
  23   2          LED2 = 0;
  24   2          delay();
  25   2          LED = 1;
  26   2          LED1 = 1;
  27   2          LED2 = 1;
  28   2          delay();
  29   2        }
  30   1      }


MODULE INFORMATION:   STATIC OVERLAYABLE
   CODE SIZE        =     49    ----
   CONSTANT SIZE    =   ----    ----
   XDATA SIZE       =   ----    ----
   PDATA SIZE       =   ----    ----
   DATA SIZE        =   ----    ----
   IDATA SIZE       =   ----    ----
   BIT SIZE         =   ----    ----
END OF MODULE INFORMATION.


C51 COMPILATION COMPLETE.  0 WARNING(S),  0 ERROR(S)
