C51 COMPILER V9.60.0.0   SERIAL_DATA                                                       08/10/2022 14:15:17 PAGE 1   


C51 COMPILER V9.60.0.0, COMPILATION OF MODULE SERIAL_DATA
OBJECT MODULE PLACED IN .\Objects\serial_data.obj
COMPILER INVOKED BY: C:\Keil_v5\C51\BIN\C51.EXE serial_data.c OPTIMIZE(8,SPEED) BROWSE DEBUG OBJECTEXTEND PRINT(.\Listin
                    -gs\serial_data.lst) TABS(2) OBJECT(.\Objects\serial_data.obj)

line level    source

   1          
   2            /**** Single Character ****/
   3          /*  
   4          #include<reg51.h>
   5          void main()
   6          {
   7            SCON = 0x50 ;   //set serial port to mode 1
   8            TMOD = 0x20;    //timer1 mode 2
   9            TH1 = -3 ;      //reload counter for 2400 baud rate
  10            TR1 = 1;        //start timer1
  11            SBUF = 'T' ;
  12            while(TI == 0);
  13            TI = 0;
  14          }
  15          
  16          
  17          #include<reg51.h>
  18          #include<stdio.h>
  19          void main()
  20          {
  21            SCON = 0x52;    //set serial port to mode 1
  22            TMOD = 0x20;    //timer1 mode 2
  23            TH1 = -3 ;      //reload counter for 2400 baud rate
  24            TR1 = 1;        //start timer1
  25            while(1)
  26              printf("Mahfuz\n");
  27          }
  28          */
  29          
  30          #include<reg51.h>
  31          #include<stdio.h>
  32          void main()
  33          {
  34   1        SCON = 0x52;    //set serial port to mode 1
  35   1        TMOD = 0x20;    //timer1 mode 2
  36   1        TH1 = -3 ;      //reload counter for 2400 baud rate
  37   1        TR1 = 1;        //start timer1
  38   1        while(1)
  39   1          printf("MD Mafujul Hasan\n");
  40   1      }


MODULE INFORMATION:   STATIC OVERLAYABLE
   CODE SIZE        =     22    ----
   CONSTANT SIZE    =     18    ----
   XDATA SIZE       =   ----    ----
   PDATA SIZE       =   ----    ----
   DATA SIZE        =   ----    ----
   IDATA SIZE       =   ----    ----
   BIT SIZE         =   ----    ----
END OF MODULE INFORMATION.


C51 COMPILATION COMPLETE.  0 WARNING(S),  0 ERROR(S)
